<?xml version='1.0' encoding='UTF-8'?>
<testsuite hostname="6f8ce9186608" name="computerdatabase.UsuariosConcurrentes" tests="1" errors="0" failures="0" skipped="0" time="86087.759" timestamp="2024-03-16T17:40:33">
          <properties>
      <property name="java.specification.version" value="17"/><property name="sun.jnu.encoding" value="ANSI_X3.4-1968"/><property name="sun.arch.data.model" value="64"/><property name="java.vendor.url" value="https://www.graalvm.org/"/><property name="sun.boot.library.path" value="/opt/graalvm-ce-java17-22.3.3/lib"/><property name="sun.java.command" value="/usr/share/sbt/bin/sbt-launch.jar Gatling/test"/><property name="jdk.debug" value="release"/><property name="java.specification.vendor" value="Oracle Corporation"/><property name="java.version.date" value="2023-07-18"/><property name="java.home" value="/opt/graalvm-ce-java17-22.3.3"/><property name="file.separator" value="/"/><property name="java.vm.compressedOopsMode" value="32-bit"/><property name="line.separator" value="
"/><property name="java.vm.specification.vendor" value="Oracle Corporation"/><property name="java.specification.name" value="Java Platform API Specification"/><property name="sun.management.compiler" value="HotSpot 64-Bit Tiered Compilers"/><property name="java.runtime.version" value="17.0.8+7-jvmci-22.3-b22"/><property name="user.name" value="root"/><property name="log4j.ignoreTCL" value="true"/><property name="file.encoding" value="ANSI_X3.4-1968"/><property name="jnidispatch.path" value="/root/.cache/JNA/temp/jna16481728703698088863.tmp"/><property name="java.vendor.version" value="GraalVM CE 22.3.3"/><property name="jna.loaded" value="true"/><property name="java.io.tmpdir" value="/tmp"/><property name="java.version" value="17.0.8"/><property name="java.vm.specification.name" value="Java Virtual Machine Specification"/><property name="native.encoding" value="ANSI_X3.4-1968"/><property name="java.library.path" value="/usr/java/packages/lib:/usr/lib64:/lib64:/lib:/usr/lib"/><property name="java.vendor" value="GraalVM Community"/><property name="scala.ext.dirs" value="/root/.sbt/1.0/java9-rt-ext-graalvm_community_17_0_8"/><property name="sun.io.unicode.encoding" value="UnicodeLittle"/><property name="java.class.path" value="/usr/share/sbt/bin/sbt-launch.jar"/><property name="java.vm.vendor" value="GraalVM Community"/><property name="jline.shutdownhook" value="false"/><property name="user.timezone" value="UTC"/><property name="java.vm.specification.version" value="17"/><property name="os.name" value="Linux"/><property name="sun.java.launcher" value="SUN_STANDARD"/><property name="user.country" value="US"/><property name="sun.cpu.endian" value="little"/><property name="user.home" value="/root"/><property name="user.language" value="en"/><property name="sbt.script" value="/usr/local/bin/sbt"/><property name="sbt.ipcsocket.tmpdir" value="/tmp/.sbt82f575fe/ipcsocket"/><property name="swoval.tmpdir" value="/tmp/.sbt82f575fe/swoval"/><property name="jdk.internal.vm.ci.enabled" value="true"/><property name="jline.esc.timeout" value="0"/><property name="path.separator" value=":"/><property name="os.version" value="5.15.146.1-microsoft-standard-WSL2"/><property name="jna.nosys" value="true"/><property name="java.runtime.name" value="OpenJDK Runtime Environment"/><property name="java.vm.name" value="OpenJDK 64-Bit Server VM"/><property name="jna.platform.library.path" value="/usr/lib64:/lib64:/usr/lib:/lib"/><property name="java.vendor.url.bug" value="https://github.com/oracle/graal/issues"/><property name="user.dir" value="/opt/gatling/user-files"/><property name="os.arch" value="amd64"/><property name="java.vm.info" value="mixed mode, sharing"/><property name="java.vm.version" value="17.0.8+7-jvmci-22.3-b22"/><property name="java.class.version" value="61.0"/>
    </properties>
          <testcase classname="computerdatabase.UsuariosConcurrentes" name="" time="86087.759">
                      
                    </testcase>
          <system-out><![CDATA[]]></system-out>
          <system-err><![CDATA[]]></system-err>
        </testsuite>